Flow report for ProyectoVGA
Sun Jun 23 19:30:18 2024
Quartus II 64-Bit Version 13.0.1 Build 232 06/12/2013 Service Pack 1 SJ Web Edition


---------------------
; Table of Contents ;
---------------------
  1. Legal Notice
  2. Flow Summary
  3. Flow Settings
  4. Flow Non-Default Global Settings
  5. Flow Elapsed Time
  6. Flow OS Summary
  7. Flow Log
  8. Flow Messages
  9. Flow Suppressed Messages



----------------
; Legal Notice ;
----------------
Copyright (C) 1991-2013 Altera Corporation
Your use of Altera Corporation's design tools, logic functions 
and other software and tools, and its AMPP partner logic 
functions, and any output files from any of the foregoing 
(including device programming or simulation files), and any 
associated documentation or information are expressly subject 
to the terms and conditions of the Altera Program License 
Subscription Agreement, Altera MegaCore Function License 
Agreement, or other applicable license agreement, including, 
without limitation, that your use is for the sole purpose of 
programming logic devices manufactured by Altera and sold by 
Altera or its authorized distributors.  Please refer to the 
applicable agreement for further details.



+--------------------------------------------------------------------------------------+
; Flow Summary                                                                         ;
+------------------------------------+-------------------------------------------------+
; Flow Status                        ; Successful - Sun Jun 23 19:30:18 2024           ;
; Quartus II 64-Bit Version          ; 13.0.1 Build 232 06/12/2013 SP 1 SJ Web Edition ;
; Revision Name                      ; ProyectoVGA                                     ;
; Top-level Entity Name              ; mainVGA                                         ;
; Family                             ; Cyclone II                                      ;
; Device                             ; EP2C5T144C8                                     ;
; Timing Models                      ; Final                                           ;
; Total logic elements               ; 140 / 4,608 ( 3 % )                             ;
;     Total combinational functions  ; 135 / 4,608 ( 3 % )                             ;
;     Dedicated logic registers      ; 87 / 4,608 ( 2 % )                              ;
; Total registers                    ; 87                                              ;
; Total pins                         ; 8 / 89 ( 9 % )                                  ;
; Total virtual pins                 ; 0                                               ;
; Total memory bits                  ; 0 / 119,808 ( 0 % )                             ;
; Embedded Multiplier 9-bit elements ; 0 / 26 ( 0 % )                                  ;
; Total PLLs                         ; 0 / 2 ( 0 % )                                   ;
+------------------------------------+-------------------------------------------------+


+-----------------------------------------+
; Flow Settings                           ;
+-------------------+---------------------+
; Option            ; Setting             ;
+-------------------+---------------------+
; Start date & time ; 06/23/2024 19:29:50 ;
; Main task         ; Compilation         ;
; Revision Name     ; ProyectoVGA         ;
+-------------------+---------------------+


+----------------------------------------------------------------------------------------------------------------------+
; Flow Non-Default Global Settings                                                                                     ;
+-------------------------------------+---------------------------------+---------------+-------------+----------------+
; Assignment Name                     ; Value                           ; Default Value ; Entity Name ; Section Id     ;
+-------------------------------------+---------------------------------+---------------+-------------+----------------+
; COMPILER_SIGNATURE_ID               ; 211349273085304.171918178905532 ; --            ; --          ; --             ;
; EDA_OUTPUT_DATA_FORMAT              ; Verilog Hdl                     ; --            ; --          ; eda_simulation ;
; EDA_SIMULATION_TOOL                 ; ModelSim-Altera (Verilog)       ; <None>        ; --          ; --             ;
; EDA_TIME_SCALE                      ; 1 ps                            ; --            ; --          ; eda_simulation ;
; MAX_CORE_JUNCTION_TEMP              ; 85                              ; --            ; --          ; --             ;
; MIN_CORE_JUNCTION_TEMP              ; 0                               ; --            ; --          ; --             ;
; PARTITION_COLOR                     ; 16764057                        ; --            ; mainVGA     ; Top            ;
; PARTITION_FITTER_PRESERVATION_LEVEL ; PLACEMENT_AND_ROUTING           ; --            ; mainVGA     ; Top            ;
; PARTITION_NETLIST_TYPE              ; SOURCE                          ; --            ; mainVGA     ; Top            ;
; PROJECT_OUTPUT_DIRECTORY            ; output_files                    ; --            ; --          ; --             ;
; TOP_LEVEL_ENTITY                    ; mainVGA                         ; ProyectoVGA   ; --          ; --             ;
+-------------------------------------+---------------------------------+---------------+-------------+----------------+


+-------------------------------------------------------------------------------------------------------------------------------+
; Flow Elapsed Time                                                                                                             ;
+---------------------------+--------------+-------------------------+---------------------+------------------------------------+
; Module Name               ; Elapsed Time ; Average Processors Used ; Peak Virtual Memory ; Total CPU Time (on all processors) ;
+---------------------------+--------------+-------------------------+---------------------+------------------------------------+
; Analysis & Synthesis      ; 00:00:06     ; 1.0                     ; 4635 MB             ; 00:00:05                           ;
; Fitter                    ; 00:00:09     ; 1.0                     ; 4794 MB             ; 00:00:08                           ;
; Assembler                 ; 00:00:03     ; 1.0                     ; 4547 MB             ; 00:00:02                           ;
; TimeQuest Timing Analyzer ; 00:00:04     ; 1.0                     ; 4546 MB             ; 00:00:03                           ;
; EDA Netlist Writer        ; 00:00:02     ; 1.0                     ; 4501 MB             ; 00:00:02                           ;
; Total                     ; 00:00:24     ; --                      ; --                  ; 00:00:20                           ;
+---------------------------+--------------+-------------------------+---------------------+------------------------------------+


+----------------------------------------------------------------------------------------+
; Flow OS Summary                                                                        ;
+---------------------------+------------------+-----------+------------+----------------+
; Module Name               ; Machine Hostname ; OS Name   ; OS Version ; Processor type ;
+---------------------------+------------------+-----------+------------+----------------+
; Analysis & Synthesis      ; DESKTOP-79R8E43  ; Windows 7 ; 6.2        ; x86_64         ;
; Fitter                    ; DESKTOP-79R8E43  ; Windows 7 ; 6.2        ; x86_64         ;
; Assembler                 ; DESKTOP-79R8E43  ; Windows 7 ; 6.2        ; x86_64         ;
; TimeQuest Timing Analyzer ; DESKTOP-79R8E43  ; Windows 7 ; 6.2        ; x86_64         ;
; EDA Netlist Writer        ; DESKTOP-79R8E43  ; Windows 7 ; 6.2        ; x86_64         ;
+---------------------------+------------------+-----------+------------+----------------+


------------
; Flow Log ;
------------
quartus_map --read_settings_files=on --write_settings_files=off ProyectoVGA -c ProyectoVGA
quartus_fit --read_settings_files=off --write_settings_files=off ProyectoVGA -c ProyectoVGA
quartus_asm --read_settings_files=off --write_settings_files=off ProyectoVGA -c ProyectoVGA
quartus_sta ProyectoVGA -c ProyectoVGA
quartus_eda --read_settings_files=off --write_settings_files=off ProyectoVGA -c ProyectoVGA



